0000000 74 65 73 74 66 69 6c 65 00 00 00 00 00 00 00 00
0000020 00 00 00 00 00 00 00 00 00 00 00 00 00 00 00 00
*
0000140 00 00 00 00 30 30 30 30 36 30 30 00 80 00 00 00
0000160 00 37 22 b3 30 30 32 33 34 31 37 00 30 30 30 30
0000200 30 30 30 30 30 36 30 00 31 34 35 33 30 32 32 31
0000220 36 33 37 00 30 30 31 33 35 36 36 00 30 00 00 00
0000240 00 00 00 00 00 00 00 00 00 00 00 00 00 00 00 00
*
0000400 00 75 73 74 61 72 00 30 30 73 6d 6f 72 72 69 33
0000420 33 00 00 00 00 00 00 00 00 00 00 00 00 00 00 00
0000440 00 00 00 00 00 00 00 00 00 64 6f 6d 61 69 6e 20
0000460 75 73 65 72 73 00 00 00 00 00 00 00 00 00 00 00
0000500 00 00 00 00 00 00 00 00 00 00 00 00 00 00 00 00
*
0001000 68 62 68 64 66 6b 73 62 76 62 73 62 76 62 66 68
0001020 64 66 68 6b 73 6b 76 66 64 6b 76 6b 6c 66 61 6b
0001040 6c 66 61 64 6b 76 62 61 64 6b 3b 61 76 6b 3b 0a
0001060 00 00 00 00 00 00 00 00 00 00 00 00 00 00 00 00
*
0004000
